<?xml version="1.0" encoding="UTF-8"?>
<!-- Generated by org.testng.reporters.JUnitReportReporter -->
<testsuite skipped="0" hostname="DESKTOP-5ARAU77" name="com.w2a.testcases.CheckboxTest" tests="1" failures="0" timestamp="2022-01-26T12:43:36 IST" time="6.499" errors="0">
  <testcase name="testcase" time="6.499" classname="com.w2a.testcases.CheckboxTest"/>
  <system-out/>
</testsuite> <!-- com.w2a.testcases.CheckboxTest -->
